<?xml version="1.0" encoding="UTF-8"?>
<testsuite xmlns:xsi="http://www.w3.org/2001/XMLSchema-instance" xsi:noNamespaceSchemaLocation="https://maven.apache.org/surefire/maven-surefire-plugin/xsd/surefire-test-report.xsd" name="UnitTest" time="0.016" tests="3" errors="0" skipped="0" failures="0">
  <properties>
    <property name="java.runtime.name" value="Java(TM) SE Runtime Environment"/>
    <property name="sun.boot.library.path" value="C:\Program Files\Java\jdk1.8.0_172\jre\bin"/>
    <property name="java.vm.version" value="25.172-b11"/>
    <property name="java.vm.vendor" value="Oracle Corporation"/>
    <property name="maven.multiModuleProjectDirectory" value="E:\个人资料\大学课程\2023-2024-2课程学习\软件测试\UnitTEst"/>
    <property name="java.vendor.url" value="http://java.oracle.com/"/>
    <property name="path.separator" value=";"/>
    <property name="guice.disable.misplaced.annotation.check" value="true"/>
    <property name="java.vm.name" value="Java HotSpot(TM) 64-Bit Server VM"/>
    <property name="file.encoding.pkg" value="sun.io"/>
    <property name="user.script" value=""/>
    <property name="user.country" value="CN"/>
    <property name="sun.java.launcher" value="SUN_STANDARD"/>
    <property name="sun.os.patch.level" value=""/>
    <property name="java.vm.specification.name" value="Java Virtual Machine Specification"/>
    <property name="user.dir" value="E:\个人资料\大学课程\2023-2024-2课程学习\软件测试\UnitTEst"/>
    <property name="java.runtime.version" value="1.8.0_172-b11"/>
    <property name="java.awt.graphicsenv" value="sun.awt.Win32GraphicsEnvironment"/>
    <property name="java.endorsed.dirs" value="C:\Program Files\Java\jdk1.8.0_172\jre\lib\endorsed"/>
    <property name="os.arch" value="amd64"/>
    <property name="java.io.tmpdir" value="C:\Users\安慕希\AppData\Local\Temp\"/>
    <property name="line.separator" value="&#10;"/>
    <property name="java.vm.specification.vendor" value="Oracle Corporation"/>
    <property name="user.variant" value=""/>
    <property name="os.name" value="Windows 10"/>
    <property name="classworlds.conf" value="D:\Maven\apache-maven-3.5.4\bin\..\bin\m2.conf"/>
    <property name="sun.jnu.encoding" value="GBK"/>
    <property name="java.library.path" value="C:\Program Files\Java\jdk1.8.0_172\bin;C:\Windows\Sun\Java\bin;C:\Windows\system32;C:\Windows;E:\program files\VMware\bin\;D:\python\Scripts\;D:\python\;C:\Program Files\Common Files\Oracle\Java\javapath;C:\Windows\system32;C:\Windows;C:\Windows\System32\Wbem;C:\Windows\System32\WindowsPowerShell\v1.0\;C:\Windows\System32\OpenSSH\;C:\Users\安慕希\Desktop\程序作业\llvm-mingw;C:\min;w-w64-v8.0.0;C:\Program Files\Java\jdk1.8.0_172\bin;D:\Tomcat9.0_D_\Tomcat9.0_\apache-tomcat-9.0.48\bin\;D:\qycache\Git\cmd;D:\mysql\mysql-8.0.15-winx64\bin;C:\Program Files\Git\cmd;C:\Windows\system32\config\systemprofile\.dnx\bin;C:\Program Files\Microsoft DNX\Dnvm\;C:\Program Files (x86)\Windows Kits\8.1\Windows Performance Toolkit\;C:\Program Files\Microsoft SQL Server\130\Tools\Binn\;D:\Matlab\bin;D:\bandzip\Bandizip\;D:\微信web开发者工具\dll;D:\chapter\;D:\SVN\bin;C:\Program Files (x86)\dotnet\;D:\mysql\mysql-5.7.38-winx64\bin;D:\softWare\Graphviz\bin;D:\softWare\Putty\;D:\softWare\Appium\Appium\node_modules\.bin;D:\softWare\NVM\nvm;D:\node.js;C:\Users\安慕希\AppData\Local\Microsoft\WindowsApps;node_global;D:\Tomcat9.0_D_\Tomcat9.0_\apache-tomcat-9.0.48\bin;D:\Tomcat9.0_D_\Tomcat9.0_\apache-tomcat-9.0.48\lib;C:\Program Files\MySQL\MySQL Router 8.0\bin;D:\CodeUtil\IntelliJ IDEA 2021.1.3\bin;D:\Git\bin;D:\Git\mingw32\libexec\git-core;D:\Git\mingw32\bin;D:\mysql\mysql-8.0.15-winx64\bin;D:\JetBrainsWebStorm 2021.2.2\WebStorm 2021.2.2\bin;node_cache;D:\Maven\apache-maven-3.5.4\bin;C:\Users\???\AppData\Local\Coursier\data\bin;D:\PyCharm\PyCharm Community Edition 2022.1.2\bin;D:\Redis-x64-5.0.10;C:\Users\安慕希\AppData\Local\JetBrains\Toolbox\scripts;D:\mysql\mysql-5.7.38-winx64\bin;D:\softWare\VisualStudioCode\Microsoft VS Code.1.71.2\bin;D:\softWare\Graphviz\bin;D:\softWare\Appium\Appium\node_modules\.bin;D:\softWare\Andriod SDK\tools;D:\softWare\Andriod SDK\platform-tools;D:\softWare\NVM\nvm;D:\node.js;."/>
    <property name="maven.conf" value="D:\Maven\apache-maven-3.5.4\bin\../conf"/>
    <property name="java.specification.name" value="Java Platform API Specification"/>
    <property name="java.class.version" value="52.0"/>
    <property name="sun.management.compiler" value="HotSpot 64-Bit Tiered Compilers"/>
    <property name="os.version" value="10.0"/>
    <property name="library.jansi.path" value="D:\Maven\apache-maven-3.5.4\bin\..\lib\jansi-native"/>
    <property name="user.home" value="C:\Users\安慕希"/>
    <property name="user.timezone" value="Asia/Shanghai"/>
    <property name="java.awt.printerjob" value="sun.awt.windows.WPrinterJob"/>
    <property name="java.specification.version" value="1.8"/>
    <property name="file.encoding" value="GBK"/>
    <property name="user.name" value="安慕希"/>
    <property name="java.class.path" value="D:\Maven\apache-maven-3.5.4\bin\..\boot\plexus-classworlds-2.5.2.jar"/>
    <property name="java.vm.specification.version" value="1.8"/>
    <property name="sun.arch.data.model" value="64"/>
    <property name="java.home" value="C:\Program Files\Java\jdk1.8.0_172\jre"/>
    <property name="sun.java.command" value="org.codehaus.plexus.classworlds.launcher.Launcher test"/>
    <property name="java.specification.vendor" value="Oracle Corporation"/>
    <property name="user.language" value="zh"/>
    <property name="awt.toolkit" value="sun.awt.windows.WToolkit"/>
    <property name="java.vm.info" value="mixed mode"/>
    <property name="java.version" value="1.8.0_172"/>
    <property name="java.ext.dirs" value="C:\Program Files\Java\jdk1.8.0_172\jre\lib\ext;C:\Windows\Sun\Java\lib\ext"/>
    <property name="sun.boot.class.path" value="C:\Program Files\Java\jdk1.8.0_172\jre\lib\resources.jar;C:\Program Files\Java\jdk1.8.0_172\jre\lib\rt.jar;C:\Program Files\Java\jdk1.8.0_172\jre\lib\sunrsasign.jar;C:\Program Files\Java\jdk1.8.0_172\jre\lib\jsse.jar;C:\Program Files\Java\jdk1.8.0_172\jre\lib\jce.jar;C:\Program Files\Java\jdk1.8.0_172\jre\lib\charsets.jar;C:\Program Files\Java\jdk1.8.0_172\jre\lib\jfr.jar;C:\Program Files\Java\jdk1.8.0_172\jre\classes"/>
    <property name="sun.stderr.encoding" value="ms936"/>
    <property name="java.vendor" value="Oracle Corporation"/>
    <property name="maven.home" value="D:\Maven\apache-maven-3.5.4\bin\.."/>
    <property name="file.separator" value="\"/>
    <property name="java.vendor.url.bug" value="http://bugreport.sun.com/bugreport/"/>
    <property name="sun.cpu.endian" value="little"/>
    <property name="sun.io.unicode.encoding" value="UnicodeLittle"/>
    <property name="sun.stdout.encoding" value="ms936"/>
    <property name="sun.desktop" value="windows"/>
    <property name="sun.cpu.isalist" value="amd64"/>
  </properties>
  <testcase name="testWithdraw" classname="UnitTest" time="0"/>
  <testcase name="testDeposit" classname="UnitTest" time="0.016"/>
  <testcase name="testLockAccount" classname="UnitTest" time="0"/>
</testsuite>